<?xml version="1.0" encoding="UTF-8"?>
<testsuite name="com.harbourspace.tracker.authorization.AuthorizationServiceTest" tests="3" skipped="0" failures="0" errors="0" timestamp="2024-03-14T01:02:20" hostname="MSI" time="4.634">
  <properties/>
  <testcase name="should get current user context" classname="com.harbourspace.tracker.authorization.AuthorizationServiceTest" time="1.714"/>
  <testcase name="should test if user is SYSTEM: false" classname="com.harbourspace.tracker.authorization.AuthorizationServiceTest" time="1.508"/>
  <testcase name="should test if user is SYSTEM: true" classname="com.harbourspace.tracker.authorization.AuthorizationServiceTest" time="1.409"/>
  <system-out><![CDATA[08:02:13.270 [Test worker] INFO org.springframework.test.context.support.AnnotationConfigContextLoaderUtils -- Could not detect default configuration classes for test class [com.harbourspace.tracker.authorization.AuthorizationServiceTest]: AuthorizationServiceTest does not declare any static, non-private, non-final, nested classes annotated with @Configuration.
08:02:13.384 [Test worker] INFO org.springframework.boot.test.context.SpringBootTestContextBootstrapper -- Found @SpringBootConfiguration com.harbourspace.tracker.ExerciseTrackerApplication for test class com.harbourspace.tracker.authorization.AuthorizationServiceTest

  .   ____          _            __ _ _
 /\\ / ___'_ __ _ _(_)_ __  __ _ \ \ \ \
( ( )\___ | '_ | '_| | '_ \/ _` | \ \ \ \
 \\/  ___)| |_)| | | | | || (_| |  ) ) ) )
  '  |____| .__|_| |_|_| |_\__, | / / / /
 =========|_|==============|___/=/_/_/_/
 :: Spring Boot ::                (v3.2.2)

2024-03-14T08:02:13.929+07:00  INFO 14796 --- [    Test worker] c.h.t.a.AuthorizationServiceTest         : Starting AuthorizationServiceTest using Java 17.0.10 with PID 14796 (started by bandi in C:\Users\bandi\IdeaProjects\programming-in-java\m3-spring-application)
2024-03-14T08:02:13.929+07:00 DEBUG 14796 --- [    Test worker] c.h.t.a.AuthorizationServiceTest         : Running with Spring Boot v3.2.2, Spring v6.1.3
2024-03-14T08:02:13.930+07:00  INFO 14796 --- [    Test worker] c.h.t.a.AuthorizationServiceTest         : No active profile set, falling back to 1 default profile: "default"
2024-03-14T08:02:13.951+07:00 DEBUG 14796 --- [    Test worker] o.s.w.c.s.GenericWebApplicationContext   : Refreshing org.springframework.web.context.support.GenericWebApplicationContext@70f31322
2024-03-14T08:02:14.777+07:00  INFO 14796 --- [    Test worker] .s.d.r.c.RepositoryConfigurationDelegate : Bootstrapping Spring Data JPA repositories in DEFAULT mode.
2024-03-14T08:02:14.828+07:00  INFO 14796 --- [    Test worker] .s.d.r.c.RepositoryConfigurationDelegate : Finished Spring Data repository scanning in 45 ms. Found 1 JPA repository interface.
2024-03-14T08:02:14.965+07:00  INFO 14796 --- [    Test worker] beddedDataSourceBeanFactoryPostProcessor : Replacing 'dataSource' DataSource bean with embedded version
2024-03-14T08:02:16.417+07:00  INFO 14796 --- [    Test worker] o.s.j.d.e.EmbeddedDatabaseFactory        : Starting embedded database: url='jdbc:h2:mem:93fb13c5-cdd1-4227-807d-2211665c7a29;DB_CLOSE_DELAY=-1;DB_CLOSE_ON_EXIT=false', username='sa'
2024-03-14T08:02:16.798+07:00  INFO 14796 --- [    Test worker] o.hibernate.jpa.internal.util.LogHelper  : HHH000204: Processing PersistenceUnitInfo [name: default]
2024-03-14T08:02:16.902+07:00  INFO 14796 --- [    Test worker] org.hibernate.Version                    : HHH000412: Hibernate ORM core version 6.4.1.Final
2024-03-14T08:02:16.957+07:00  INFO 14796 --- [    Test worker] o.h.c.internal.RegionFactoryInitiator    : HHH000026: Second-level cache disabled
2024-03-14T08:02:17.129+07:00  INFO 14796 --- [    Test worker] o.s.o.j.p.SpringPersistenceUnitInfo      : No LoadTimeWeaver setup: ignoring JPA class transformer
2024-03-14T08:02:17.200+07:00  WARN 14796 --- [    Test worker] org.hibernate.orm.deprecation            : HHH90000025: H2Dialect does not need to be specified explicitly using 'hibernate.dialect' (remove the property setting and it will be selected by default)
2024-03-14T08:02:18.054+07:00  INFO 14796 --- [    Test worker] o.h.e.t.j.p.i.JtaPlatformInitiator       : HHH000489: No JTA platform available (set 'hibernate.transaction.jta.platform' to enable JTA platform integration)
2024-03-14T08:02:18.103+07:00  INFO 14796 --- [    Test worker] j.LocalContainerEntityManagerFactoryBean : Initialized JPA EntityManagerFactory for persistence unit 'default'
2024-03-14T08:02:18.574+07:00  WARN 14796 --- [    Test worker] JpaBaseConfiguration$JpaWebConfiguration : spring.jpa.open-in-view is enabled by default. Therefore, database queries may be performed during view rendering. Explicitly configure spring.jpa.open-in-view to disable this warning
2024-03-14T08:02:18.719+07:00  WARN 14796 --- [    Test worker] .s.s.UserDetailsServiceAutoConfiguration : 

Using generated security password: 4c708aef-4b70-4450-8348-637f94800d11

This generated password is for development use only. Your security configuration must be updated before running your application in production.

2024-03-14T08:02:19.065+07:00 DEBUG 14796 --- [    Test worker] s.w.s.m.m.a.RequestMappingHandlerMapping : 7 mappings in 'requestMappingHandlerMapping'
2024-03-14T08:02:19.214+07:00 DEBUG 14796 --- [    Test worker] o.s.w.s.handler.SimpleUrlHandlerMapping  : Patterns [/webjars/**, /**] in 'resourceHandlerMapping'
2024-03-14T08:02:19.384+07:00  INFO 14796 --- [    Test worker] o.s.b.a.e.web.EndpointLinksResolver      : Exposing 1 endpoint(s) beneath base path '/actuator'
2024-03-14T08:02:19.449+07:00  INFO 14796 --- [    Test worker] o.s.s.web.DefaultSecurityFilterChain     : Will secure any request with [org.springframework.security.web.session.DisableEncodeUrlFilter@5930a229, org.springframework.security.web.context.request.async.WebAsyncManagerIntegrationFilter@6bd21eb7, org.springframework.security.web.context.SecurityContextHolderFilter@54950027, org.springframework.security.web.header.HeaderWriterFilter@3c41b4b, org.springframework.web.filter.CorsFilter@204d101, org.springframework.security.web.authentication.logout.LogoutFilter@126f428e, org.springframework.security.web.savedrequest.RequestCacheAwareFilter@31efe094, org.springframework.security.web.servletapi.SecurityContextHolderAwareRequestFilter@1e5e0e75, org.springframework.security.web.authentication.AnonymousAuthenticationFilter@716a6343, org.springframework.security.web.access.ExceptionTranslationFilter@559d9517, org.springframework.security.web.access.intercept.AuthorizationFilter@1d3aefd]
2024-03-14T08:02:19.673+07:00 DEBUG 14796 --- [    Test worker] s.w.s.m.m.a.RequestMappingHandlerAdapter : ControllerAdvice beans: 0 @ModelAttribute, 0 @InitBinder, 1 RequestBodyAdvice, 1 ResponseBodyAdvice
2024-03-14T08:02:19.712+07:00 DEBUG 14796 --- [    Test worker] .m.m.a.ExceptionHandlerExceptionResolver : ControllerAdvice beans: 2 @ExceptionHandler, 1 ResponseBodyAdvice
2024-03-14T08:02:19.752+07:00 DEBUG 14796 --- [    Test worker] .m.m.a.ExceptionHandlerExceptionResolver : ControllerAdvice beans: 2 @ExceptionHandler, 0 ResponseBodyAdvice
2024-03-14T08:02:20.008+07:00  INFO 14796 --- [    Test worker] o.s.b.a.h2.H2ConsoleAutoConfiguration    : H2 console available at '/h2-console'. Database available at 'jdbc:h2:mem:93fb13c5-cdd1-4227-807d-2211665c7a29'
2024-03-14T08:02:20.120+07:00  INFO 14796 --- [    Test worker] c.h.t.a.AuthorizationServiceTest         : Started AuthorizationServiceTest in 6.594 seconds (process running for 7.9)
2024-03-14T08:02:20.186+07:00 DEBUG 14796 --- [    Test worker] o.s.w.c.s.GenericWebApplicationContext   : Closing org.springframework.web.context.support.GenericWebApplicationContext@70f31322, started on Thu Mar 14 08:02:13 ICT 2024
2024-03-14T08:02:20.192+07:00  INFO 14796 --- [    Test worker] j.LocalContainerEntityManagerFactoryBean : Closing JPA EntityManagerFactory for persistence unit 'default'

  .   ____          _            __ _ _
 /\\ / ___'_ __ _ _(_)_ __  __ _ \ \ \ \
( ( )\___ | '_ | '_| | '_ \/ _` | \ \ \ \
 \\/  ___)| |_)| | | | | || (_| |  ) ) ) )
  '  |____| .__|_| |_|_| |_\__, | / / / /
 =========|_|==============|___/=/_/_/_/
 :: Spring Boot ::                (v3.2.2)

2024-03-14T08:02:20.245+07:00  INFO 14796 --- [    Test worker] c.h.t.a.AuthorizationServiceTest         : Starting AuthorizationServiceTest using Java 17.0.10 with PID 14796 (started by bandi in C:\Users\bandi\IdeaProjects\programming-in-java\m3-spring-application)
2024-03-14T08:02:20.246+07:00 DEBUG 14796 --- [    Test worker] c.h.t.a.AuthorizationServiceTest         : Running with Spring Boot v3.2.2, Spring v6.1.3
2024-03-14T08:02:20.246+07:00  INFO 14796 --- [    Test worker] c.h.t.a.AuthorizationServiceTest         : No active profile set, falling back to 1 default profile: "default"
2024-03-14T08:02:20.249+07:00 DEBUG 14796 --- [    Test worker] o.s.w.c.s.GenericWebApplicationContext   : Refreshing org.springframework.web.context.support.GenericWebApplicationContext@2324e26c
2024-03-14T08:02:20.635+07:00  INFO 14796 --- [    Test worker] .s.d.r.c.RepositoryConfigurationDelegate : Bootstrapping Spring Data JPA repositories in DEFAULT mode.
2024-03-14T08:02:20.653+07:00  INFO 14796 --- [    Test worker] .s.d.r.c.RepositoryConfigurationDelegate : Finished Spring Data repository scanning in 16 ms. Found 1 JPA repository interface.
2024-03-14T08:02:20.690+07:00  INFO 14796 --- [    Test worker] beddedDataSourceBeanFactoryPostProcessor : Replacing 'dataSource' DataSource bean with embedded version
2024-03-14T08:02:20.741+07:00  INFO 14796 --- [    Test worker] o.s.j.d.e.EmbeddedDatabaseFactory        : Starting embedded database: url='jdbc:h2:mem:b83cc421-052c-4d9d-a9bc-e2a4cef225a2;DB_CLOSE_DELAY=-1;DB_CLOSE_ON_EXIT=false', username='sa'
2024-03-14T08:02:20.767+07:00  INFO 14796 --- [    Test worker] o.hibernate.jpa.internal.util.LogHelper  : HHH000204: Processing PersistenceUnitInfo [name: default]
2024-03-14T08:02:20.773+07:00  INFO 14796 --- [    Test worker] o.h.c.internal.RegionFactoryInitiator    : HHH000026: Second-level cache disabled
2024-03-14T08:02:20.781+07:00  INFO 14796 --- [    Test worker] o.s.o.j.p.SpringPersistenceUnitInfo      : No LoadTimeWeaver setup: ignoring JPA class transformer
2024-03-14T08:02:20.784+07:00  WARN 14796 --- [    Test worker] org.hibernate.orm.deprecation            : HHH90000025: H2Dialect does not need to be specified explicitly using 'hibernate.dialect' (remove the property setting and it will be selected by default)
2024-03-14T08:02:20.815+07:00  INFO 14796 --- [    Test worker] o.h.e.t.j.p.i.JtaPlatformInitiator       : HHH000489: No JTA platform available (set 'hibernate.transaction.jta.platform' to enable JTA platform integration)
2024-03-14T08:02:20.818+07:00  INFO 14796 --- [    Test worker] j.LocalContainerEntityManagerFactoryBean : Initialized JPA EntityManagerFactory for persistence unit 'default'
2024-03-14T08:02:20.960+07:00  WARN 14796 --- [    Test worker] JpaBaseConfiguration$JpaWebConfiguration : spring.jpa.open-in-view is enabled by default. Therefore, database queries may be performed during view rendering. Explicitly configure spring.jpa.open-in-view to disable this warning
2024-03-14T08:02:21.055+07:00  WARN 14796 --- [    Test worker] .s.s.UserDetailsServiceAutoConfiguration : 

Using generated security password: ccdda0f6-8fcd-40f4-9fae-584cfb5d6417

This generated password is for development use only. Your security configuration must be updated before running your application in production.

2024-03-14T08:02:21.158+07:00 DEBUG 14796 --- [    Test worker] s.w.s.m.m.a.RequestMappingHandlerMapping : 7 mappings in 'requestMappingHandlerMapping'
2024-03-14T08:02:21.224+07:00 DEBUG 14796 --- [    Test worker] o.s.w.s.handler.SimpleUrlHandlerMapping  : Patterns [/webjars/**, /**] in 'resourceHandlerMapping'
2024-03-14T08:02:21.337+07:00  INFO 14796 --- [    Test worker] o.s.b.a.e.web.EndpointLinksResolver      : Exposing 1 endpoint(s) beneath base path '/actuator'
2024-03-14T08:02:21.411+07:00  INFO 14796 --- [    Test worker] o.s.s.web.DefaultSecurityFilterChain     : Will secure any request with [org.springframework.security.web.session.DisableEncodeUrlFilter@5710598e, org.springframework.security.web.context.request.async.WebAsyncManagerIntegrationFilter@7ebd31df, org.springframework.security.web.context.SecurityContextHolderFilter@4d829889, org.springframework.security.web.header.HeaderWriterFilter@5f19dea8, org.springframework.web.filter.CorsFilter@a2763f8, org.springframework.security.web.authentication.logout.LogoutFilter@398857f8, org.springframework.security.web.savedrequest.RequestCacheAwareFilter@7ce00985, org.springframework.security.web.servletapi.SecurityContextHolderAwareRequestFilter@372ea7fa, org.springframework.security.web.authentication.AnonymousAuthenticationFilter@73ff16a1, org.springframework.security.web.access.ExceptionTranslationFilter@8d15c75, org.springframework.security.web.access.intercept.AuthorizationFilter@1bf64e55]
2024-03-14T08:02:21.536+07:00 DEBUG 14796 --- [    Test worker] s.w.s.m.m.a.RequestMappingHandlerAdapter : ControllerAdvice beans: 0 @ModelAttribute, 0 @InitBinder, 1 RequestBodyAdvice, 1 ResponseBodyAdvice
2024-03-14T08:02:21.551+07:00 DEBUG 14796 --- [    Test worker] .m.m.a.ExceptionHandlerExceptionResolver : ControllerAdvice beans: 2 @ExceptionHandler, 1 ResponseBodyAdvice
2024-03-14T08:02:21.577+07:00 DEBUG 14796 --- [    Test worker] .m.m.a.ExceptionHandlerExceptionResolver : ControllerAdvice beans: 2 @ExceptionHandler, 0 ResponseBodyAdvice
2024-03-14T08:02:21.758+07:00  INFO 14796 --- [    Test worker] o.s.b.a.h2.H2ConsoleAutoConfiguration    : H2 console available at '/h2-console'. Database available at 'jdbc:h2:mem:b83cc421-052c-4d9d-a9bc-e2a4cef225a2'
2024-03-14T08:02:21.832+07:00  INFO 14796 --- [    Test worker] c.h.t.a.AuthorizationServiceTest         : Started AuthorizationServiceTest in 1.631 seconds (process running for 9.612)
2024-03-14T08:02:21.899+07:00 DEBUG 14796 --- [    Test worker] o.s.w.c.s.GenericWebApplicationContext   : Closing org.springframework.web.context.support.GenericWebApplicationContext@2324e26c, started on Thu Mar 14 08:02:20 ICT 2024
2024-03-14T08:02:21.903+07:00  INFO 14796 --- [    Test worker] j.LocalContainerEntityManagerFactoryBean : Closing JPA EntityManagerFactory for persistence unit 'default'

  .   ____          _            __ _ _
 /\\ / ___'_ __ _ _(_)_ __  __ _ \ \ \ \
( ( )\___ | '_ | '_| | '_ \/ _` | \ \ \ \
 \\/  ___)| |_)| | | | | || (_| |  ) ) ) )
  '  |____| .__|_| |_|_| |_\__, | / / / /
 =========|_|==============|___/=/_/_/_/
 :: Spring Boot ::                (v3.2.2)

2024-03-14T08:02:21.945+07:00  INFO 14796 --- [    Test worker] c.h.t.a.AuthorizationServiceTest         : Starting AuthorizationServiceTest using Java 17.0.10 with PID 14796 (started by bandi in C:\Users\bandi\IdeaProjects\programming-in-java\m3-spring-application)
2024-03-14T08:02:21.945+07:00 DEBUG 14796 --- [    Test worker] c.h.t.a.AuthorizationServiceTest         : Running with Spring Boot v3.2.2, Spring v6.1.3
2024-03-14T08:02:21.946+07:00  INFO 14796 --- [    Test worker] c.h.t.a.AuthorizationServiceTest         : No active profile set, falling back to 1 default profile: "default"
2024-03-14T08:02:21.948+07:00 DEBUG 14796 --- [    Test worker] o.s.w.c.s.GenericWebApplicationContext   : Refreshing org.springframework.web.context.support.GenericWebApplicationContext@eef9471
2024-03-14T08:02:22.273+07:00  INFO 14796 --- [    Test worker] .s.d.r.c.RepositoryConfigurationDelegate : Bootstrapping Spring Data JPA repositories in DEFAULT mode.
2024-03-14T08:02:22.290+07:00  INFO 14796 --- [    Test worker] .s.d.r.c.RepositoryConfigurationDelegate : Finished Spring Data repository scanning in 16 ms. Found 1 JPA repository interface.
2024-03-14T08:02:22.319+07:00  INFO 14796 --- [    Test worker] beddedDataSourceBeanFactoryPostProcessor : Replacing 'dataSource' DataSource bean with embedded version
2024-03-14T08:02:22.367+07:00  INFO 14796 --- [    Test worker] o.s.j.d.e.EmbeddedDatabaseFactory        : Starting embedded database: url='jdbc:h2:mem:f4284c9e-abe6-4729-8206-98e507a98525;DB_CLOSE_DELAY=-1;DB_CLOSE_ON_EXIT=false', username='sa'
2024-03-14T08:02:22.413+07:00  INFO 14796 --- [    Test worker] o.hibernate.jpa.internal.util.LogHelper  : HHH000204: Processing PersistenceUnitInfo [name: default]
2024-03-14T08:02:22.421+07:00  INFO 14796 --- [    Test worker] o.h.c.internal.RegionFactoryInitiator    : HHH000026: Second-level cache disabled
2024-03-14T08:02:22.427+07:00  INFO 14796 --- [    Test worker] o.s.o.j.p.SpringPersistenceUnitInfo      : No LoadTimeWeaver setup: ignoring JPA class transformer
2024-03-14T08:02:22.430+07:00  WARN 14796 --- [    Test worker] org.hibernate.orm.deprecation            : HHH90000025: H2Dialect does not need to be specified explicitly using 'hibernate.dialect' (remove the property setting and it will be selected by default)
2024-03-14T08:02:22.460+07:00  INFO 14796 --- [    Test worker] o.h.e.t.j.p.i.JtaPlatformInitiator       : HHH000489: No JTA platform available (set 'hibernate.transaction.jta.platform' to enable JTA platform integration)
2024-03-14T08:02:22.463+07:00  INFO 14796 --- [    Test worker] j.LocalContainerEntityManagerFactoryBean : Initialized JPA EntityManagerFactory for persistence unit 'default'
2024-03-14T08:02:22.580+07:00  WARN 14796 --- [    Test worker] JpaBaseConfiguration$JpaWebConfiguration : spring.jpa.open-in-view is enabled by default. Therefore, database queries may be performed during view rendering. Explicitly configure spring.jpa.open-in-view to disable this warning
2024-03-14T08:02:22.676+07:00  WARN 14796 --- [    Test worker] .s.s.UserDetailsServiceAutoConfiguration : 

Using generated security password: c83c0899-f369-4302-b171-0aab4bc70367

This generated password is for development use only. Your security configuration must be updated before running your application in production.

2024-03-14T08:02:22.773+07:00 DEBUG 14796 --- [    Test worker] s.w.s.m.m.a.RequestMappingHandlerMapping : 7 mappings in 'requestMappingHandlerMapping'
2024-03-14T08:02:22.818+07:00 DEBUG 14796 --- [    Test worker] o.s.w.s.handler.SimpleUrlHandlerMapping  : Patterns [/webjars/**, /**] in 'resourceHandlerMapping'
2024-03-14T08:02:22.911+07:00  INFO 14796 --- [    Test worker] o.s.b.a.e.web.EndpointLinksResolver      : Exposing 1 endpoint(s) beneath base path '/actuator'
2024-03-14T08:02:22.957+07:00  INFO 14796 --- [    Test worker] o.s.s.web.DefaultSecurityFilterChain     : Will secure any request with [org.springframework.security.web.session.DisableEncodeUrlFilter@7a9ad451, org.springframework.security.web.context.request.async.WebAsyncManagerIntegrationFilter@78682201, org.springframework.security.web.context.SecurityContextHolderFilter@45f854e9, org.springframework.security.web.header.HeaderWriterFilter@66716c60, org.springframework.web.filter.CorsFilter@7d7a0e06, org.springframework.security.web.authentication.logout.LogoutFilter@6a82a388, org.springframework.security.web.savedrequest.RequestCacheAwareFilter@2ff35182, org.springframework.security.web.servletapi.SecurityContextHolderAwareRequestFilter@4c49471c, org.springframework.security.web.authentication.AnonymousAuthenticationFilter@2c3f9229, org.springframework.security.web.access.ExceptionTranslationFilter@6e2a6063, org.springframework.security.web.access.intercept.AuthorizationFilter@64bcd98a]
2024-03-14T08:02:23.096+07:00 DEBUG 14796 --- [    Test worker] s.w.s.m.m.a.RequestMappingHandlerAdapter : ControllerAdvice beans: 0 @ModelAttribute, 0 @InitBinder, 1 RequestBodyAdvice, 1 ResponseBodyAdvice
2024-03-14T08:02:23.109+07:00 DEBUG 14796 --- [    Test worker] .m.m.a.ExceptionHandlerExceptionResolver : ControllerAdvice beans: 2 @ExceptionHandler, 1 ResponseBodyAdvice
2024-03-14T08:02:23.148+07:00 DEBUG 14796 --- [    Test worker] .m.m.a.ExceptionHandlerExceptionResolver : ControllerAdvice beans: 2 @ExceptionHandler, 0 ResponseBodyAdvice
2024-03-14T08:02:23.330+07:00  INFO 14796 --- [    Test worker] o.s.b.a.h2.H2ConsoleAutoConfiguration    : H2 console available at '/h2-console'. Database available at 'jdbc:h2:mem:f4284c9e-abe6-4729-8206-98e507a98525'
2024-03-14T08:02:23.396+07:00  INFO 14796 --- [    Test worker] c.h.t.a.AuthorizationServiceTest         : Started AuthorizationServiceTest in 1.49 seconds (process running for 11.177)
2024-03-14T08:02:23.409+07:00 DEBUG 14796 --- [    Test worker] o.s.w.c.s.GenericWebApplicationContext   : Closing org.springframework.web.context.support.GenericWebApplicationContext@eef9471, started on Thu Mar 14 08:02:21 ICT 2024
2024-03-14T08:02:23.412+07:00  INFO 14796 --- [    Test worker] j.LocalContainerEntityManagerFactoryBean : Closing JPA EntityManagerFactory for persistence unit 'default'

  .   ____          _            __ _ _
 /\\ / ___'_ __ _ _(_)_ __  __ _ \ \ \ \
( ( )\___ | '_ | '_| | '_ \/ _` | \ \ \ \
 \\/  ___)| |_)| | | | | || (_| |  ) ) ) )
  '  |____| .__|_| |_|_| |_\__, | / / / /
 =========|_|==============|___/=/_/_/_/
 :: Spring Boot ::                (v3.2.2)

2024-03-14T08:02:23.457+07:00  INFO 14796 --- [    Test worker] c.h.t.a.AuthorizationServiceTest         : Starting AuthorizationServiceTest using Java 17.0.10 with PID 14796 (started by bandi in C:\Users\bandi\IdeaProjects\programming-in-java\m3-spring-application)
2024-03-14T08:02:23.457+07:00 DEBUG 14796 --- [    Test worker] c.h.t.a.AuthorizationServiceTest         : Running with Spring Boot v3.2.2, Spring v6.1.3
2024-03-14T08:02:23.458+07:00  INFO 14796 --- [    Test worker] c.h.t.a.AuthorizationServiceTest         : No active profile set, falling back to 1 default profile: "default"
2024-03-14T08:02:23.459+07:00 DEBUG 14796 --- [    Test worker] o.s.w.c.s.GenericWebApplicationContext   : Refreshing org.springframework.web.context.support.GenericWebApplicationContext@3030edcc
2024-03-14T08:02:23.756+07:00  INFO 14796 --- [    Test worker] .s.d.r.c.RepositoryConfigurationDelegate : Bootstrapping Spring Data JPA repositories in DEFAULT mode.
2024-03-14T08:02:23.771+07:00  INFO 14796 --- [    Test worker] .s.d.r.c.RepositoryConfigurationDelegate : Finished Spring Data repository scanning in 14 ms. Found 1 JPA repository interface.
2024-03-14T08:02:23.802+07:00  INFO 14796 --- [    Test worker] beddedDataSourceBeanFactoryPostProcessor : Replacing 'dataSource' DataSource bean with embedded version
2024-03-14T08:02:23.858+07:00  INFO 14796 --- [    Test worker] o.s.j.d.e.EmbeddedDatabaseFactory        : Starting embedded database: url='jdbc:h2:mem:0eea89c0-25bf-4cf8-90ad-21587174bb62;DB_CLOSE_DELAY=-1;DB_CLOSE_ON_EXIT=false', username='sa'
2024-03-14T08:02:23.905+07:00  INFO 14796 --- [    Test worker] o.hibernate.jpa.internal.util.LogHelper  : HHH000204: Processing PersistenceUnitInfo [name: default]
2024-03-14T08:02:23.912+07:00  INFO 14796 --- [    Test worker] o.h.c.internal.RegionFactoryInitiator    : HHH000026: Second-level cache disabled
2024-03-14T08:02:23.921+07:00  INFO 14796 --- [    Test worker] o.s.o.j.p.SpringPersistenceUnitInfo      : No LoadTimeWeaver setup: ignoring JPA class transformer
2024-03-14T08:02:23.924+07:00  WARN 14796 --- [    Test worker] org.hibernate.orm.deprecation            : HHH90000025: H2Dialect does not need to be specified explicitly using 'hibernate.dialect' (remove the property setting and it will be selected by default)
2024-03-14T08:02:23.960+07:00  INFO 14796 --- [    Test worker] o.h.e.t.j.p.i.JtaPlatformInitiator       : HHH000489: No JTA platform available (set 'hibernate.transaction.jta.platform' to enable JTA platform integration)
2024-03-14T08:02:23.965+07:00  INFO 14796 --- [    Test worker] j.LocalContainerEntityManagerFactoryBean : Initialized JPA EntityManagerFactory for persistence unit 'default'
2024-03-14T08:02:24.117+07:00  WARN 14796 --- [    Test worker] JpaBaseConfiguration$JpaWebConfiguration : spring.jpa.open-in-view is enabled by default. Therefore, database queries may be performed during view rendering. Explicitly configure spring.jpa.open-in-view to disable this warning
2024-03-14T08:02:24.210+07:00  WARN 14796 --- [    Test worker] .s.s.UserDetailsServiceAutoConfiguration : 

Using generated security password: abd360d3-2903-4b36-b279-fb9c08cc7593

This generated password is for development use only. Your security configuration must be updated before running your application in production.

2024-03-14T08:02:24.311+07:00 DEBUG 14796 --- [    Test worker] s.w.s.m.m.a.RequestMappingHandlerMapping : 7 mappings in 'requestMappingHandlerMapping'
2024-03-14T08:02:24.365+07:00 DEBUG 14796 --- [    Test worker] o.s.w.s.handler.SimpleUrlHandlerMapping  : Patterns [/webjars/**, /**] in 'resourceHandlerMapping'
2024-03-14T08:02:24.451+07:00  INFO 14796 --- [    Test worker] o.s.b.a.e.web.EndpointLinksResolver      : Exposing 1 endpoint(s) beneath base path '/actuator'
2024-03-14T08:02:24.484+07:00  INFO 14796 --- [    Test worker] o.s.s.web.DefaultSecurityFilterChain     : Will secure any request with [org.springframework.security.web.session.DisableEncodeUrlFilter@4339a2e5, org.springframework.security.web.context.request.async.WebAsyncManagerIntegrationFilter@68645c77, org.springframework.security.web.context.SecurityContextHolderFilter@5205f975, org.springframework.security.web.header.HeaderWriterFilter@8aa70fd, org.springframework.web.filter.CorsFilter@2a2cc1e5, org.springframework.security.web.authentication.logout.LogoutFilter@639c8336, org.springframework.security.web.savedrequest.RequestCacheAwareFilter@332fac2e, org.springframework.security.web.servletapi.SecurityContextHolderAwareRequestFilter@689b792e, org.springframework.security.web.authentication.AnonymousAuthenticationFilter@1ef06deb, org.springframework.security.web.access.ExceptionTranslationFilter@3122a8af, org.springframework.security.web.access.intercept.AuthorizationFilter@6b5b865]
2024-03-14T08:02:24.578+07:00 DEBUG 14796 --- [    Test worker] s.w.s.m.m.a.RequestMappingHandlerAdapter : ControllerAdvice beans: 0 @ModelAttribute, 0 @InitBinder, 1 RequestBodyAdvice, 1 ResponseBodyAdvice
2024-03-14T08:02:24.589+07:00 DEBUG 14796 --- [    Test worker] .m.m.a.ExceptionHandlerExceptionResolver : ControllerAdvice beans: 2 @ExceptionHandler, 1 ResponseBodyAdvice
2024-03-14T08:02:24.611+07:00 DEBUG 14796 --- [    Test worker] .m.m.a.ExceptionHandlerExceptionResolver : ControllerAdvice beans: 2 @ExceptionHandler, 0 ResponseBodyAdvice
2024-03-14T08:02:24.753+07:00  INFO 14796 --- [    Test worker] o.s.b.a.h2.H2ConsoleAutoConfiguration    : H2 console available at '/h2-console'. Database available at 'jdbc:h2:mem:0eea89c0-25bf-4cf8-90ad-21587174bb62'
2024-03-14T08:02:24.808+07:00  INFO 14796 --- [    Test worker] c.h.t.a.AuthorizationServiceTest         : Started AuthorizationServiceTest in 1.391 seconds (process running for 12.589)
]]></system-out>
  <system-err><![CDATA[]]></system-err>
</testsuite>
